TN:
SF:src/fetchCurrentTemperature.ts
FN:9,fetchCurrentTemperature
FN:17,(anonymous_1)
FN:19,(anonymous_2)
FNF:3
FNH:3
FNDA:41,fetchCurrentTemperature
FNDA:41,(anonymous_1)
FNDA:39,(anonymous_2)
DA:1,2
DA:9,2
DA:11,41
DA:12,41
DA:13,41
DA:14,41
DA:15,41
DA:16,41
DA:17,41
DA:18,41
DA:20,39
DA:24,41
LF:12
LH:12
BRF:0
BRH:0
end_of_record
TN:
SF:src/fetchGeoCoord.ts
FN:7,fetchGeoCoord
FN:11,(anonymous_1)
FN:12,(anonymous_2)
FNF:3
FNH:3
FNDA:41,fetchGeoCoord
FNDA:41,(anonymous_1)
FNDA:41,(anonymous_2)
DA:1,2
DA:7,2
DA:8,41
DA:9,41
DA:10,41
DA:11,41
DA:12,41
DA:13,41
DA:14,39
DA:16,2
LF:10
LH:10
BRDA:13,0,0,39
BRDA:13,0,1,2
BRDA:13,1,0,41
BRDA:13,1,1,41
BRF:4
BRH:4
end_of_record
TN:
SF:src/fetchUniversities.ts
FN:8,fetchUniversities
FN:10,(anonymous_1)
FN:12,(anonymous_2)
FN:14,(anonymous_3)
FNF:4
FNH:4
FNDA:8,fetchUniversities
FNDA:8,(anonymous_1)
FNDA:8,(anonymous_2)
FNDA:10024,(anonymous_3)
DA:1,2
DA:8,2
DA:10,8
DA:11,8
DA:13,8
DA:14,10024
LF:6
LH:6
BRDA:13,0,0,7
BRDA:13,0,1,1
BRDA:13,1,0,8
BRDA:13,1,1,8
BRF:4
BRH:4
end_of_record
TN:
SF:src/universityWeather.ts
FN:10,fetchUniversityWeather
FN:15,getWeather
FN:21,(anonymous_2)
FN:22,(anonymous_3)
FN:22,(anonymous_4)
FN:27,(anonymous_5)
FN:29,(anonymous_6)
FN:35,fetchUMassWeather
FN:37,(anonymous_8)
FN:40,fetchUCalWeather
FNF:10
FNH:10
FNDA:6,fetchUniversityWeather
FNDA:6,getWeather
FNDA:38,(anonymous_2)
FNDA:38,(anonymous_3)
FNDA:6384,(anonymous_4)
FNDA:30,(anonymous_5)
FNDA:30,(anonymous_6)
FNDA:2,fetchUMassWeather
FNDA:8,(anonymous_8)
FNDA:2,fetchUCalWeather
DA:1,1
DA:2,1
DA:3,1
DA:10,1
DA:16,6
DA:17,5
DA:18,5
DA:19,39
DA:20,39
DA:21,38
DA:22,6384
DA:23,38
DA:24,38
DA:26,4
DA:27,30
DA:29,30
DA:30,4
DA:32,6
DA:35,1
DA:37,8
DA:40,1
DA:42,2
LF:22
LH:22
BRDA:20,0,0,8
BRDA:20,0,1,31
BRF:2
BRH:2
end_of_record
